2024/12/04 02:48:29 [emerg] 1#1: cannot load certificate "/etc/nginx/ssl/live/auroville.social/fullchain.pem": BIO_new_file() failed (SSL: error:80000002:system library::No such file or directory:calling fopen(/etc/nginx/ssl/live/auroville.social/fullchain.pem, r) error:10000080:BIO routines::no such file)
2024/12/04 02:48:29 [emerg] 1#1: cannot load certificate "/etc/nginx/ssl/live/auroville.social/fullchain.pem": BIO_new_file() failed (SSL: error:80000002:system library::No such file or directory:calling fopen(/etc/nginx/ssl/live/auroville.social/fullchain.pem, r) error:10000080:BIO routines::no such file)
2024/12/04 02:48:30 [emerg] 1#1: cannot load certificate "/etc/nginx/ssl/live/auroville.social/fullchain.pem": BIO_new_file() failed (SSL: error:80000002:system library::No such file or directory:calling fopen(/etc/nginx/ssl/live/auroville.social/fullchain.pem, r) error:10000080:BIO routines::no such file)
2024/12/04 02:48:31 [emerg] 1#1: cannot load certificate "/etc/nginx/ssl/live/auroville.social/fullchain.pem": BIO_new_file() failed (SSL: error:80000002:system library::No such file or directory:calling fopen(/etc/nginx/ssl/live/auroville.social/fullchain.pem, r) error:10000080:BIO routines::no such file)
2024/12/04 02:48:32 [emerg] 1#1: cannot load certificate "/etc/nginx/ssl/live/auroville.social/fullchain.pem": BIO_new_file() failed (SSL: error:80000002:system library::No such file or directory:calling fopen(/etc/nginx/ssl/live/auroville.social/fullchain.pem, r) error:10000080:BIO routines::no such file)
2024/12/04 02:48:34 [emerg] 1#1: cannot load certificate "/etc/nginx/ssl/live/auroville.social/fullchain.pem": BIO_new_file() failed (SSL: error:80000002:system library::No such file or directory:calling fopen(/etc/nginx/ssl/live/auroville.social/fullchain.pem, r) error:10000080:BIO routines::no such file)
2024/12/04 02:48:38 [emerg] 1#1: cannot load certificate "/etc/nginx/ssl/live/auroville.social/fullchain.pem": BIO_new_file() failed (SSL: error:80000002:system library::No such file or directory:calling fopen(/etc/nginx/ssl/live/auroville.social/fullchain.pem, r) error:10000080:BIO routines::no such file)
2024/12/04 02:48:45 [emerg] 1#1: cannot load certificate "/etc/nginx/ssl/live/auroville.social/fullchain.pem": BIO_new_file() failed (SSL: error:80000002:system library::No such file or directory:calling fopen(/etc/nginx/ssl/live/auroville.social/fullchain.pem, r) error:10000080:BIO routines::no such file)
2024/12/04 02:48:58 [emerg] 1#1: cannot load certificate "/etc/nginx/ssl/live/auroville.social/fullchain.pem": BIO_new_file() failed (SSL: error:80000002:system library::No such file or directory:calling fopen(/etc/nginx/ssl/live/auroville.social/fullchain.pem, r) error:10000080:BIO routines::no such file)
2024/12/04 02:49:24 [emerg] 1#1: cannot load certificate "/etc/nginx/ssl/live/auroville.social/fullchain.pem": BIO_new_file() failed (SSL: error:80000002:system library::No such file or directory:calling fopen(/etc/nginx/ssl/live/auroville.social/fullchain.pem, r) error:10000080:BIO routines::no such file)
2024/12/04 02:50:16 [emerg] 1#1: cannot load certificate "/etc/nginx/ssl/live/auroville.social/fullchain.pem": BIO_new_file() failed (SSL: error:80000002:system library::No such file or directory:calling fopen(/etc/nginx/ssl/live/auroville.social/fullchain.pem, r) error:10000080:BIO routines::no such file)
2024/12/04 02:51:16 [emerg] 1#1: cannot load certificate "/etc/nginx/ssl/live/auroville.social/fullchain.pem": BIO_new_file() failed (SSL: error:80000002:system library::No such file or directory:calling fopen(/etc/nginx/ssl/live/auroville.social/fullchain.pem, r) error:10000080:BIO routines::no such file)
2024/12/04 02:52:16 [emerg] 1#1: cannot load certificate "/etc/nginx/ssl/live/auroville.social/fullchain.pem": BIO_new_file() failed (SSL: error:80000002:system library::No such file or directory:calling fopen(/etc/nginx/ssl/live/auroville.social/fullchain.pem, r) error:10000080:BIO routines::no such file)
2024/12/04 02:53:17 [emerg] 1#1: cannot load certificate "/etc/nginx/ssl/live/auroville.social/fullchain.pem": BIO_new_file() failed (SSL: error:80000002:system library::No such file or directory:calling fopen(/etc/nginx/ssl/live/auroville.social/fullchain.pem, r) error:10000080:BIO routines::no such file)
2024/12/04 02:56:02 [notice] 1#1: using the "epoll" event method
2024/12/04 02:56:02 [notice] 1#1: nginx/1.27.3
2024/12/04 02:56:02 [notice] 1#1: built by gcc 13.2.1 20240309 (Alpine 13.2.1_git20240309) 
2024/12/04 02:56:02 [notice] 1#1: OS: Linux 6.10.14-linuxkit
2024/12/04 02:56:02 [notice] 1#1: getrlimit(RLIMIT_NOFILE): 1048576:1048576
2024/12/04 02:56:02 [notice] 1#1: start worker processes
2024/12/04 02:56:02 [notice] 1#1: start worker process 29
2024/12/04 02:56:02 [notice] 1#1: start worker process 30
2024/12/04 02:56:02 [notice] 1#1: start worker process 31
2024/12/04 02:56:02 [notice] 1#1: start worker process 32
2024/12/04 02:56:02 [notice] 1#1: start worker process 33
2024/12/04 02:56:02 [notice] 1#1: start worker process 34
2024/12/04 02:56:02 [notice] 1#1: start worker process 35
2024/12/04 02:56:02 [notice] 1#1: start worker process 36
2024/12/04 03:00:30 [notice] 1#1: signal 3 (SIGQUIT) received, shutting down
2024/12/04 03:00:30 [notice] 29#29: gracefully shutting down
2024/12/04 03:00:30 [notice] 30#30: gracefully shutting down
2024/12/04 03:00:30 [notice] 30#30: exiting
2024/12/04 03:00:30 [notice] 31#31: gracefully shutting down
2024/12/04 03:00:30 [notice] 32#32: gracefully shutting down
2024/12/04 03:00:30 [notice] 32#32: exiting
2024/12/04 03:00:30 [notice] 33#33: gracefully shutting down
2024/12/04 03:00:30 [notice] 32#32: exit
2024/12/04 03:00:30 [notice] 35#35: gracefully shutting down
2024/12/04 03:00:30 [notice] 34#34: gracefully shutting down
2024/12/04 03:00:30 [notice] 36#36: gracefully shutting down
2024/12/04 03:00:30 [notice] 29#29: exiting
2024/12/04 03:00:30 [notice] 30#30: exit
2024/12/04 03:00:30 [notice] 31#31: exiting
2024/12/04 03:00:30 [notice] 33#33: exiting
2024/12/04 03:00:30 [notice] 31#31: exit
2024/12/04 03:00:30 [notice] 35#35: exiting
2024/12/04 03:00:30 [notice] 34#34: exiting
2024/12/04 03:00:30 [notice] 35#35: exit
2024/12/04 03:00:30 [notice] 36#36: exiting
2024/12/04 03:00:30 [notice] 29#29: exit
2024/12/04 03:00:30 [notice] 33#33: exit
2024/12/04 03:00:30 [notice] 34#34: exit
2024/12/04 03:00:30 [notice] 36#36: exit
2024/12/04 03:00:30 [notice] 1#1: signal 17 (SIGCHLD) received from 32
2024/12/04 03:00:30 [notice] 1#1: worker process 31 exited with code 0
2024/12/04 03:00:30 [notice] 1#1: worker process 32 exited with code 0
2024/12/04 03:00:30 [notice] 1#1: signal 29 (SIGIO) received
2024/12/04 03:00:30 [notice] 1#1: signal 17 (SIGCHLD) received from 30
2024/12/04 03:00:30 [notice] 1#1: worker process 29 exited with code 0
2024/12/04 03:00:30 [notice] 1#1: worker process 30 exited with code 0
2024/12/04 03:00:30 [notice] 1#1: worker process 33 exited with code 0
2024/12/04 03:00:30 [notice] 1#1: worker process 35 exited with code 0
2024/12/04 03:00:30 [notice] 1#1: worker process 36 exited with code 0
2024/12/04 03:00:30 [notice] 1#1: signal 29 (SIGIO) received
2024/12/04 03:00:30 [notice] 1#1: signal 17 (SIGCHLD) received from 34
2024/12/04 03:00:30 [notice] 1#1: worker process 34 exited with code 0
2024/12/04 03:00:30 [notice] 1#1: exit
2024/12/04 03:01:31 [notice] 1#1: using the "epoll" event method
2024/12/04 03:01:31 [notice] 1#1: nginx/1.27.3
2024/12/04 03:01:31 [notice] 1#1: built by gcc 13.2.1 20240309 (Alpine 13.2.1_git20240309) 
2024/12/04 03:01:31 [notice] 1#1: OS: Linux 6.10.14-linuxkit
2024/12/04 03:01:31 [notice] 1#1: getrlimit(RLIMIT_NOFILE): 1048576:1048576
2024/12/04 03:01:31 [notice] 1#1: start worker processes
2024/12/04 03:01:31 [notice] 1#1: start worker process 29
2024/12/04 03:01:31 [notice] 1#1: start worker process 30
2024/12/04 03:01:31 [notice] 1#1: start worker process 31
2024/12/04 03:01:31 [notice] 1#1: start worker process 32
2024/12/04 03:01:31 [notice] 1#1: start worker process 33
2024/12/04 03:01:31 [notice] 1#1: start worker process 34
2024/12/04 03:01:31 [notice] 1#1: start worker process 35
2024/12/04 03:01:31 [notice] 1#1: start worker process 36
2024/12/04 03:06:33 [notice] 1#1: signal 3 (SIGQUIT) received, shutting down
2024/12/04 03:06:33 [notice] 30#30: gracefully shutting down
2024/12/04 03:06:33 [notice] 30#30: exiting
2024/12/04 03:06:33 [notice] 31#31: gracefully shutting down
2024/12/04 03:06:33 [notice] 31#31: exiting
2024/12/04 03:06:33 [notice] 33#33: gracefully shutting down
2024/12/04 03:06:33 [notice] 31#31: exit
2024/12/04 03:06:33 [notice] 32#32: gracefully shutting down
2024/12/04 03:06:33 [notice] 29#29: gracefully shutting down
2024/12/04 03:06:33 [notice] 29#29: exiting
2024/12/04 03:06:33 [notice] 34#34: gracefully shutting down
2024/12/04 03:06:33 [notice] 34#34: exiting
2024/12/04 03:06:33 [notice] 35#35: gracefully shutting down
2024/12/04 03:06:33 [notice] 34#34: exit
2024/12/04 03:06:33 [notice] 36#36: gracefully shutting down
2024/12/04 03:06:33 [notice] 30#30: exit
2024/12/04 03:06:33 [notice] 33#33: exiting
2024/12/04 03:06:33 [notice] 32#32: exiting
2024/12/04 03:06:33 [notice] 29#29: exit
2024/12/04 03:06:33 [notice] 35#35: exiting
2024/12/04 03:06:33 [notice] 36#36: exiting
2024/12/04 03:06:33 [notice] 33#33: exit
2024/12/04 03:06:33 [notice] 32#32: exit
2024/12/04 03:06:33 [notice] 35#35: exit
2024/12/04 03:06:33 [notice] 36#36: exit
2024/12/04 03:06:33 [notice] 1#1: signal 17 (SIGCHLD) received from 31
2024/12/04 03:06:33 [notice] 1#1: worker process 31 exited with code 0
2024/12/04 03:06:33 [notice] 1#1: signal 29 (SIGIO) received
2024/12/04 03:06:33 [notice] 1#1: signal 17 (SIGCHLD) received from 29
2024/12/04 03:06:33 [notice] 1#1: worker process 29 exited with code 0
2024/12/04 03:06:33 [notice] 1#1: worker process 30 exited with code 0
2024/12/04 03:06:33 [notice] 1#1: worker process 32 exited with code 0
2024/12/04 03:06:33 [notice] 1#1: worker process 33 exited with code 0
2024/12/04 03:06:33 [notice] 1#1: worker process 34 exited with code 0
2024/12/04 03:06:33 [notice] 1#1: worker process 35 exited with code 0
2024/12/04 03:06:33 [notice] 1#1: worker process 36 exited with code 0
2024/12/04 03:06:33 [notice] 1#1: exit
